Build started 2017/9/1 21:44:22.
     1>Project "C:\Users\bi.wang\Desktop\my_Frame\InterFaceDemo\InterFaceDemo\InterFaceDemo.vcxproj" on node 2 (Build target(s)).
     1>ClCompile:
         F:\Program Files (x86)\Microsoft Visual Studio 12.0\VC\bin\CL.exe /c /ZI /nologo /W3 /WX- /sdl /Od /Oy- /D WIN32 /D _WINDOWS /D _DEBUG /D _UNICODE /D UNICODE /D _AFXDLL /Gm /EHsc /RTC1 /MDd /GS /fp:precise /Zc:wchar_t /Zc:forScope /Yc"stdafx.h" /Fp"Debug\InterFaceDemo.pch" /Fo"Debug\\" /Fd"Debug\vc120.pdb" /Gd /TP /analyze- /errorReport:prompt stdafx.cpp
         stdafx.cpp
         F:\Program Files (x86)\Microsoft Visual Studio 12.0\VC\bin\CL.exe /c /ZI /nologo /W3 /WX- /sdl /Od /Oy- /D WIN32 /D _WINDOWS /D _DEBUG /D _UNICODE /D UNICODE /D _AFXDLL /Gm /EHsc /RTC1 /MDd /GS /fp:precise /Zc:wchar_t /Zc:forScope /Yu"stdafx.h" /Fp"Debug\InterFaceDemo.pch" /Fo"Debug\\" /Fd"Debug\vc120.pdb" /Gd /TP /analyze- /errorReport:prompt ChildDlg.cpp InterFaceDemo.cpp InterFaceDemoDlg.cpp MySheet.cpp PageOne.cpp PageTwo.cpp
         PageTwo.cpp
         PageOne.cpp
         MySheet.cpp
         InterFaceDemoDlg.cpp
         InterFaceDemo.cpp
         ChildDlg.cpp
         Generating Code...
       ResourceCompile:
         C:\Program Files (x86)\Windows Kits\8.1\bin\x86\rc.exe /D _DEBUG /D _UNICODE /D UNICODE /D _AFXDLL /l"0x0409" /IDebug\ /nologo /fo"Debug\InterFaceDemo.res" InterFaceDemo.rc 
       Link:
         F:\Program Files (x86)\Microsoft Visual Studio 12.0\VC\bin\link.exe /ERRORREPORT:PROMPT /OUT:"C:\Users\bi.wang\Desktop\my_Frame\InterFaceDemo\Debug\InterFaceDemo.exe" /INCREMENTAL /NOLOGO /MANIFEST /MANIFESTUAC:"level='asInvoker' uiAccess='false'" /manifest:embed /manifestinput:"F:\Program Files (x86)\Microsoft Visual Studio 12.0\VC\Include\Manifest\dpiaware.manifest" /DEBUG /PDB:"C:\Users\bi.wang\Desktop\my_Frame\InterFaceDemo\Debug\InterFaceDemo.pdb" /SUBSYSTEM:WINDOWS /TLBID:1 /ENTRY:"wWinMainCRTStartup" /DYNAMICBASE /NXCOMPAT /IMPLIB:"C:\Users\bi.wang\Desktop\my_Frame\InterFaceDemo\Debug\InterFaceDemo.lib" /MACHINE:X86 Debug\InterFaceDemo.res
         Debug\ChildDlg.obj
         Debug\InterFaceDemo.obj
         Debug\InterFaceDemoDlg.obj
         Debug\MySheet.obj
         Debug\PageOne.obj
         Debug\PageTwo.obj
         Debug\stdafx.obj
         InterFaceDemo.vcxproj -> C:\Users\bi.wang\Desktop\my_Frame\InterFaceDemo\Debug\InterFaceDemo.exe
     1>Done Building Project "C:\Users\bi.wang\Desktop\my_Frame\InterFaceDemo\InterFaceDemo\InterFaceDemo.vcxproj" (Build target(s)).

Build succeeded.

Time Elapsed 00:00:06.35
